[2016-10-24 11:17:37,949][INFO] Runner:39 - [Platform] supported platforms: [android, ios]
[2016-10-24 11:17:40,333][DEBUG] PageBase:18 - [Initialize class] begin: PageFundFixed
[2016-10-24 11:17:40,354][DEBUG] Repository:27 - repository has not been parsed - PageFundFixed
[2016-10-24 11:17:40,459][DEBUG] PageBase:41 - oTextDT: TestElement [by=By.xpath: //a[contains(text(),'基金定投')], in=WEBVIEW_LAST]
[2016-10-24 11:17:40,460][DEBUG] PageBase:41 - oTextDS: TestElement [by=By.xpath: //a[contains(text(),'基金定赎')], in=WEBVIEW_LAST]
[2016-10-24 11:17:40,460][DEBUG] PageBase:41 - oTextSQ: TestElement [by=By.xpath: //footer/div/img, in=WEBVIEW_LAST]
[2016-10-24 11:17:40,460][DEBUG] PageBase:41 - oEditCode: TestElement [by=By.id: zqdm, in=WEBVIEW_LAST]
[2016-10-24 11:17:40,460][DEBUG] PageBase:41 - oTextName: TestElement [by=By.xpath: //label[text()='基金名称']/../following-sibling::div[1]/label, in=WEBVIEW_LAST]
[2016-10-24 11:17:40,461][DEBUG] PageBase:41 - oTextPrice: TestElement [by=By.xpath: //label[text()='基金净值']/../following-sibling::div[1]/label, in=WEBVIEW_LAST]
[2016-10-24 11:17:40,461][DEBUG] PageBase:41 - oEditNumber: TestElement [by=By.id: price, in=WEBVIEW_LAST]
[2016-10-24 11:17:40,461][DEBUG] PageBase:41 - oBtnTime: TestElement [by=By.xpath: //label[text()='扣款周期' or text()='赎回周期']/../following-sibling::div[1]/button, in=WEBVIEW_LAST]
[2016-10-24 11:17:40,461][DEBUG] PageBase:41 - oTextMonth: TestElement [by=By.xpath: //div[@class = 'zqSort']/div[contains(text(),'月')], in=WEBVIEW_LAST]
[2016-10-24 11:17:40,462][DEBUG] PageBase:41 - oTextWeek: TestElement [by=By.xpath: //div[@class = 'zqSort']/div[contains(text(),'周')], in=WEBVIEW_LAST]
[2016-10-24 11:17:40,462][DEBUG] PageBase:41 - oBtnDescription: TestElement [by=By.xpath: //label[text()='投资描述']/../following-sibling::div[1]/button, in=WEBVIEW_LAST]
[2016-10-24 11:17:40,462][DEBUG] PageBase:41 - oBtnCondition: TestElement [by=By.xpath: //label[text()='期满条件']/../following-sibling::div[1]/button, in=WEBVIEW_LAST]
[2016-10-24 11:17:40,463][DEBUG] PageBase:41 - oBtnMark: TestElement [by=By.xpath: //label[text()='巨额标志']/../following-sibling::div[1]/button, in=WEBVIEW_LAST]
[2016-10-24 11:17:40,464][DEBUG] PageBase:41 - oEditBeginTime: TestElement [by=By.id: ksrq, in=WEBVIEW_LAST]
[2016-10-24 11:17:40,464][DEBUG] PageBase:41 - oEditEndTime: TestElement [by=By.id: zzrq, in=WEBVIEW_LAST]
[2016-10-24 11:17:40,464][DEBUG] PageBase:41 - oEditQMCS: TestElement [by=By.id: qmcs, in=WEBVIEW_LAST]
[2016-10-24 11:17:40,464][DEBUG] PageBase:41 - oEditQMJE: TestElement [by=By.id: qmje, in=WEBVIEW_LAST]
[2016-10-24 11:17:40,464][DEBUG] PageBase:41 - oBtnSG: TestElement [by=By.xpath: //button[text()='申购'], in=WEBVIEW_LAST]
[2016-10-24 11:17:40,464][DEBUG] PageBase:41 - oMsgRisk: TestElement [by=By.xpath: //td[text()='基金风险等级与客户等级不匹配,你是否要继续进行交易?'], in=WEBVIEW_LAST]
[2016-10-24 11:17:40,464][DEBUG] PageBase:41 - oImgLoad: TestElement [by=By.id: loading, in=WEBVIEW_LAST]
[2016-10-24 11:17:40,465][DEBUG] PageBase:45 - [Initialize class] end: PageFundFixed
[2016-10-24 11:17:40,465][DEBUG] PageManager:22 - [Instance page] PageFundFixed
[2016-10-24 11:17:40,997][DEBUG] PageBase:18 - [Initialize class] begin: ToolBar
[2016-10-24 11:17:40,997][DEBUG] Repository:27 - repository has not been parsed - ToolBar
[2016-10-24 11:17:41,035][DEBUG] PageBase:41 - oBtnPTJY: TestElement [by=By.xpath: //UIAButton[@name='普通交易'], in=NATIVE_APP]
[2016-10-24 11:17:41,035][DEBUG] PageBase:41 - oBtnRZRQ: TestElement [by=By.xpath: //UIAButton[@name = '融资融券'], in=NATIVE_APP]
[2016-10-24 11:17:41,035][DEBUG] PageBase:41 - oBtnJY: TestElement [by=By.xpath: //UIAButton[@name='交易'], in=NATIVE_APP]
[2016-10-24 11:17:41,035][DEBUG] PageBase:41 - oBtnBack: TestElement [by=By.xpath: //UIAButton[@name='' and preceding-sibling::*[@name='返回']], in=NATIVE_APP]
[2016-10-24 11:17:41,036][DEBUG] PageBase:41 - oBtnMsg: TestElement [by=By.xpath: //UIAButton[@name='知道了'], in=NATIVE_APP]
[2016-10-24 11:17:41,036][DEBUG] PageBase:45 - [Initialize class] end: ToolBar
[2016-10-24 11:17:41,036][DEBUG] PageManager:22 - [Instance page] ToolBar
[2016-10-24 11:17:41,066][DEBUG] Repository:27 - repository has not been parsed - PageMainRoot
[2016-10-24 11:17:41,067][DEBUG] Repository:27 - repository has not been parsed - PageMainJJ
[2016-10-24 11:17:41,071][DEBUG] Repository:27 - repository has not been parsed - PageMainHK
[2016-10-24 11:17:41,075][DEBUG] Repository:27 - repository has not been parsed - PageMainRR
[2016-10-24 11:17:41,589][INFO] ViewNavigator:27 - [Navigate] back: []
[2016-10-24 11:17:41,590][INFO] ViewNavigator:28 - [Navigate] enter: [ViewNode[交易(ROOT), 1], ViewNode[普通交易(交易), 2], ViewNode[开放式基金(普通交易), 3], ViewNode[基金定投(开放式基金), 4]]
[2016-10-24 11:17:41,613][DEBUG] WaitUtil:43 - [WaitUtil waitFor] begin - By.xpath: //UIAButton[@name='交易'], time: 30
[2016-10-24 11:17:41,633][DEBUG] CHForIOS:19 - [Switch context] begin: NATIVE_APP, current context: null
[2016-10-24 11:17:41,640][DEBUG] CHForIOS:46 - [Switch context] switched to: NATIVE_APP
[2016-10-24 11:17:42,312][DEBUG] TestElement:35 - [Find element] id: 0 ,by: By.xpath: //UIAButton[@name='交易']
[2016-10-24 11:17:42,312][DEBUG] WaitUtil:57 - [WaitUtil waitFor] end
[2016-10-24 11:17:42,312][DEBUG] WaitUtil:43 - [WaitUtil waitFor] begin - By.xpath: //UIAButton[@name='知道了'], time: 10
[2016-10-24 11:17:42,313][DEBUG] CHForIOS:19 - [Switch context] begin: NATIVE_APP, current context: NATIVE_APP
[2016-10-24 11:17:47,935][DEBUG] CHForIOS:19 - [Switch context] begin: NATIVE_APP, current context: NATIVE_APP
[2016-10-24 11:17:53,683][DEBUG] CHForIOS:19 - [Switch context] begin: NATIVE_APP, current context: NATIVE_APP
[2016-10-24 11:17:54,171][DEBUG] TestElement:35 - [Find element] id: 1 ,by: By.xpath: //UIAButton[@name='交易']
[2016-10-24 11:17:54,649][DEBUG] CHForIOS:19 - [Switch context] begin: NATIVE_APP, current context: NATIVE_APP
[2016-10-24 11:17:55,267][DEBUG] TestElement:35 - [Find element] id: 2 ,by: By.xpath: //UIAButton[@name='普通交易']
[2016-10-24 11:17:55,796][DEBUG] CHForIOS:19 - [Switch context] begin: WEBVIEW_LAST, current context: NATIVE_APP
[2016-10-24 11:17:57,899][DEBUG] CHForIOS:46 - [Switch context] switched to: WEBVIEW_80
[2016-10-24 11:17:57,900][DEBUG] CHForIOS:49 - [Switch context] url: WEBVIEW_80
[2016-10-24 11:17:57,970][DEBUG] TestElement:35 - [Find element] id: 5000 ,by: By.id: pic_openfund
[2016-10-24 11:17:58,185][DEBUG] PageBase:18 - [Initialize class] begin: PageLogin
[2016-10-24 11:17:58,186][DEBUG] Repository:27 - repository has not been parsed - PageLogin
[2016-10-24 11:17:58,211][DEBUG] PageBase:41 - oEditUser: TestElement [by=By.id: khbz, in=WEBVIEW_LAST]
[2016-10-24 11:17:58,211][DEBUG] PageBase:41 - oEditPwd: TestElement [by=By.id: jymm, in=WEBVIEW_LAST]
[2016-10-24 11:17:58,211][DEBUG] PageBase:41 - oEditVerCode: TestElement [by=By.id: vertifyCode, in=WEBVIEW_LAST]
[2016-10-24 11:17:58,212][DEBUG] PageBase:41 - oTextVerCode: TestElement [by=By.id: checkCode, in=WEBVIEW_LAST]
[2016-10-24 11:17:58,212][DEBUG] PageBase:41 - oBtnLogin: TestElement [by=By.id: login-button, in=WEBVIEW_LAST]
[2016-10-24 11:17:58,212][DEBUG] PageBase:45 - [Initialize class] end: PageLogin
[2016-10-24 11:17:58,212][DEBUG] PageManager:22 - [Instance page] PageLogin
[2016-10-24 11:17:58,212][DEBUG] WaitUtil:43 - [WaitUtil waitFor] begin - By.id: khbz, time: 10
[2016-10-24 11:17:58,213][DEBUG] CHForIOS:19 - [Switch context] begin: WEBVIEW_LAST, current context: WEBVIEW_80
[2016-10-24 11:17:58,877][DEBUG] CHForIOS:46 - [Switch context] switched to: WEBVIEW_82
[2016-10-24 11:17:58,877][DEBUG] CHForIOS:49 - [Switch context] url: WEBVIEW_82
[2016-10-24 11:17:58,892][DEBUG] TestElement:35 - [Find element] id: 5001 ,by: By.id: khbz
[2016-10-24 11:17:58,893][DEBUG] WaitUtil:57 - [WaitUtil waitFor] end
[2016-10-24 11:17:58,920][DEBUG] PageBase:18 - [Initialize class] begin: Keyboard
[2016-10-24 11:17:58,920][DEBUG] Repository:27 - repository has not been parsed - Keyboard
[2016-10-24 11:17:58,967][DEBUG] PageBase:41 - oViewKeyboard: TestElement [by=By.AccessibilityId: 1, in=NATIVE_APP]
[2016-10-24 11:17:58,967][DEBUG] PageBase:41 - oBtnClose: TestElement [by=By.xpath: //UIAButton[@name = 'Q' or @name = '1']/preceding-sibling::UIAButton[1], in=NATIVE_APP]
[2016-10-24 11:17:58,967][DEBUG] PageBase:45 - [Initialize class] end: Keyboard
[2016-10-24 11:17:58,967][DEBUG] PageManager:22 - [Instance page] Keyboard
[2016-10-24 11:17:58,998][DEBUG] CHForIOS:19 - [Switch context] begin: WEBVIEW_LAST, current context: WEBVIEW_82
[2016-10-24 11:17:59,019][DEBUG] TestElement:35 - [Find element] id: 5002 ,by: By.id: jymm
[2016-10-24 11:17:59,019][DEBUG] Keyboard:25 - [Keyboard Input] 123321
[2016-10-24 11:17:59,176][DEBUG] CHForIOS:19 - [Switch context] begin: WEBVIEW_LAST, current context: WEBVIEW_82
[2016-10-24 11:17:59,199][DEBUG] TestElement:35 - [Find element] id: 5003 ,by: By.id: checkCode
[2016-10-24 11:17:59,216][DEBUG] CHForIOS:19 - [Switch context] begin: WEBVIEW_LAST, current context: WEBVIEW_82
[2016-10-24 11:17:59,242][DEBUG] TestElement:35 - [Find element] id: 5004 ,by: By.id: vertifyCode
[2016-10-24 11:17:59,242][DEBUG] Keyboard:25 - [Keyboard Input] 6564
[2016-10-24 11:17:59,330][DEBUG] CHForIOS:19 - [Switch context] begin: WEBVIEW_LAST, current context: WEBVIEW_82
[2016-10-24 11:17:59,351][DEBUG] TestElement:35 - [Find element] id: 5005 ,by: By.id: login-button
[2016-10-24 11:17:59,397][DEBUG] PageBase:18 - [Initialize class] begin: Alert
[2016-10-24 11:17:59,398][DEBUG] Repository:27 - repository has not been parsed - Alert
[2016-10-24 11:17:59,399][DEBUG] PageBase:41 - mControls: TestElement [by=By.xpath: //div[@class='modal-body']//td[count(descendant::*)=0], in=WEBVIEW_LAST]
[2016-10-24 11:17:59,399][DEBUG] PageBase:41 - oBtnOK: TestElement [by=By.xpath: //div[@class='modal-footer']/button[2], in=WEBVIEW_LAST]
[2016-10-24 11:17:59,399][DEBUG] PageBase:41 - oBtnCancel: TestElement [by=By.xpath: //div[@class='modal-footer']/button[1], in=WEBVIEW_LAST]
[2016-10-24 11:17:59,400][DEBUG] PageBase:45 - [Initialize class] end: Alert
[2016-10-24 11:17:59,400][DEBUG] PageManager:22 - [Instance page] Alert
[2016-10-24 11:17:59,400][DEBUG] WaitUtil:23 - [WaitUtil exists] begin - By.xpath: //div[@class='modal-footer']/button[2], time: 1
[2016-10-24 11:17:59,414][DEBUG] CHForIOS:19 - [Switch context] begin: WEBVIEW_LAST, current context: WEBVIEW_82
[2016-10-24 11:18:00,024][DEBUG] TestElement:35 - [Find element] id: 5006 ,by: By.xpath: //div[@class='modal-footer']/button[2]
[2016-10-24 11:18:00,024][DEBUG] WaitUtil:37 - [WaitUtil exists] end - result: true
[2016-10-24 11:18:01,029][DEBUG] CHForIOS:19 - [Switch context] begin: WEBVIEW_LAST, current context: WEBVIEW_82
[2016-10-24 11:18:01,099][DEBUG] TestElement:44 - [Find elements] total: 1, by: By.xpath: //div[@class='modal-body']//td[count(descendant::*)=0]
[2016-10-24 11:18:01,115][DEBUG] Alert:49 - [Alert] text: 
当前交易系统处于“柜台测试”状态
[2016-10-24 11:18:01,116][DEBUG] CHForIOS:19 - [Switch context] begin: WEBVIEW_LAST, current context: WEBVIEW_82
[2016-10-24 11:18:01,135][DEBUG] TestElement:35 - [Find element] id: 5008 ,by: By.xpath: //div[@class='modal-footer']/button[2]
[2016-10-24 11:18:01,180][DEBUG] WaitUtil:63 - [WaitUtil untilGone] begin - By.id: login-button, time: 30
[2016-10-24 11:18:01,192][DEBUG] CHForIOS:19 - [Switch context] begin: WEBVIEW_LAST, current context: WEBVIEW_82
[2016-10-24 11:18:01,214][DEBUG] TestElement:35 - [Find element] id: 5009 ,by: By.id: login-button
[2016-10-24 11:18:01,285][DEBUG] CHForIOS:19 - [Switch context] begin: WEBVIEW_LAST, current context: WEBVIEW_82
[2016-10-24 11:18:01,314][DEBUG] TestElement:35 - [Find element] id: 5010 ,by: By.id: login-button
[2016-10-24 11:18:01,365][DEBUG] CHForIOS:19 - [Switch context] begin: WEBVIEW_LAST, current context: WEBVIEW_82
[2016-10-24 11:18:06,662][DEBUG] WaitUtil:86 - [WaitUtil untilGone] end
[2016-10-24 11:18:06,662][INFO] Loginer:39 - [Login] PTJY, username: 80316041, password: 123321
[2016-10-24 11:18:06,662][DEBUG] CHForIOS:19 - [Switch context] begin: WEBVIEW_LAST, current context: WEBVIEW_82
[2016-10-24 11:18:06,683][DEBUG] TestElement:35 - [Find element] id: 5011 ,by: By.xpath: //label[text()='基金定投']
[2016-10-24 11:18:07,136][DEBUG] ExcelReader:49 - open file: file [/Users/csc108/git/light-mobile/ligth-mobile/ios/data/data.xls]
[2016-10-24 11:18:07,136][DEBUG] ExcelReader:56 - workbook: org.apache.poi.hssf.usermodel.HSSFWorkbook@2dcd168a
[2016-10-24 11:18:07,137][DEBUG] ExcelReader:90 - change to sheet: C04基金定投
[2016-10-24 11:18:07,138][DEBUG] ExcelReader:123 - data: {类型=正例, 操作方式=基金定投, 代码=000001, 名称=华夏成长前收费, 收费方式=前端收费, 金额=1000, 扣款周期=每月, 扣款日=1, 投资描述=幸福养老, 期满条件=日期区间, 巨额标志=, 验证1=基金风险等级与客户等级不匹配，你是否要继续进行交易？, 验证2=操作类别 基金定投申请
基金代码 000001
基金名称 华夏成长前收费(前端收费)
基金账号 80316041
扣款周期 每月1号
期满条件 日期区间
开始日期 {BeginTime}
终止日期 {EndTime}, 验证3=委托提交成功,流水号：, 备注=} line: 1
[2016-10-24 11:18:08,143][DEBUG] WaitUtil:43 - [WaitUtil waitFor] begin - By.id: zqdm, time: 10
[2016-10-24 11:18:08,143][DEBUG] CHForIOS:19 - [Switch context] begin: WEBVIEW_LAST, current context: WEBVIEW_82
[2016-10-24 11:18:08,160][DEBUG] CHForIOS:46 - [Switch context] switched to: WEBVIEW_102
[2016-10-24 11:18:08,161][DEBUG] CHForIOS:49 - [Switch context] url: WEBVIEW_102
[2016-10-24 11:18:13,806][DEBUG] CHForIOS:19 - [Switch context] begin: WEBVIEW_LAST, current context: WEBVIEW_102
[2016-10-24 11:18:20,413][DEBUG] TestListenerImpl:212 - Timed out after 10 seconds waiting for visibilty of element locatoed by By.id: zqdm
Build info: version: '2.53.1', revision: 'a36b8b1cd5757287168e54b817830adce9b0158d', time: '2016-06-30 19:26:09'
System info: host: 'bogon', ip: '10.101.238.65', os.name: 'Mac OS X', os.arch: 'x86_64', os.version: '10.10.5', java.version: '1.8.0_40'
Driver info: io.appium.java_client.ios.IOSDriver
Capabilities [{networkConnectionEnabled=false, desired={}, warnings={}, webStorageEnabled=false, locationContextEnabled=false, browserName=iOS, takesScreenshot=true, javascriptEnabled=true, databaseEnabled=false, platform=MAC}]
Session ID: 9fefab30-fe3a-4969-a248-e95832b8f0df
org.openqa.selenium.TimeoutException: Timed out after 10 seconds waiting for visibilty of element locatoed by By.id: zqdm
Build info: version: '2.53.1', revision: 'a36b8b1cd5757287168e54b817830adce9b0158d', time: '2016-06-30 19:26:09'
System info: host: 'bogon', ip: '10.101.238.65', os.name: 'Mac OS X', os.arch: 'x86_64', os.version: '10.10.5', java.version: '1.8.0_40'
Driver info: io.appium.java_client.ios.IOSDriver
Capabilities [{networkConnectionEnabled=false, desired={}, warnings={}, webStorageEnabled=false, locationContextEnabled=false, browserName=iOS, takesScreenshot=true, javascriptEnabled=true, databaseEnabled=false, platform=MAC}]
Session ID: 9fefab30-fe3a-4969-a248-e95832b8f0df
	at org.openqa.selenium.support.ui.WebDriverWait.timeoutException(WebDriverWait.java:80)
	at org.openqa.selenium.support.ui.FluentWait.until(FluentWait.java:261)
	at up.light.wait.WaitUtil.waitFor(WaitUtil.java:45)
	at mobile.page.PageFundFixed.doInputCode(PageFundFixed.java:89)
	at mobile.test.stage02.TestC04FundDT.testDT(TestC04FundDT.java:34)
	at sun.reflect.NativeMethodAccessorImpl.invoke0(Native Method)
	at sun.reflect.NativeMethodAccessorImpl.invoke(NativeMethodAccessorImpl.java:62)
	at sun.reflect.DelegatingMethodAccessorImpl.invoke(DelegatingMethodAccessorImpl.java:43)
	at java.lang.reflect.Method.invoke(Method.java:497)
	at org.testng.internal.MethodInvocationHelper.invokeMethod(MethodInvocationHelper.java:86)
	at org.testng.internal.MethodInvocationHelper$1.runTestMethod(MethodInvocationHelper.java:197)
	at mobile.controller.Controller.run(Controller.java:28)
	at org.testng.internal.MethodInvocationHelper.invokeHookable(MethodInvocationHelper.java:209)
	at org.testng.internal.Invoker.invokeMethod(Invoker.java:639)
	at org.testng.internal.Invoker.invokeTestMethod(Invoker.java:820)
	at org.testng.internal.Invoker.invokeTestMethods(Invoker.java:1128)
	at org.testng.internal.TestMethodWorker.invokeTestMethods(TestMethodWorker.java:129)
	at org.testng.internal.TestMethodWorker.run(TestMethodWorker.java:112)
	at org.testng.TestRunner.privateRun(TestRunner.java:782)
	at org.testng.TestRunner.run(TestRunner.java:632)
	at org.testng.SuiteRunner.runTest(SuiteRunner.java:366)
	at org.testng.SuiteRunner.runSequentially(SuiteRunner.java:361)
	at org.testng.SuiteRunner.privateRun(SuiteRunner.java:319)
	at org.testng.SuiteRunner.run(SuiteRunner.java:268)
	at org.testng.SuiteRunnerWorker.runSuite(SuiteRunnerWorker.java:52)
	at org.testng.SuiteRunnerWorker.run(SuiteRunnerWorker.java:86)
	at org.testng.TestNG.runSuitesSequentially(TestNG.java:1244)
	at org.testng.TestNG.runSuitesLocally(TestNG.java:1169)
	at org.testng.TestNG.run(TestNG.java:1064)
	at up.light.Runner.run(Runner.java:27)
	at mobile.App.main(App.java:15)
Caused by: org.openqa.selenium.NoSuchElementException: An element could not be located on the page using the given search parameters. (WARNING: The server did not provide any stacktrace information)
Command duration or timeout: 5.13 seconds
For documentation on this error, please visit: http://seleniumhq.org/exceptions/no_such_element.html
Build info: version: '2.53.1', revision: 'a36b8b1cd5757287168e54b817830adce9b0158d', time: '2016-06-30 19:26:09'
System info: host: 'bogon', ip: '10.101.238.65', os.name: 'Mac OS X', os.arch: 'x86_64', os.version: '10.10.5', java.version: '1.8.0_40'
Driver info: io.appium.java_client.ios.IOSDriver
Capabilities [{networkConnectionEnabled=false, desired={}, warnings={}, webStorageEnabled=false, locationContextEnabled=false, browserName=iOS, takesScreenshot=true, javascriptEnabled=true, databaseEnabled=false, platform=MAC}]
Session ID: 9fefab30-fe3a-4969-a248-e95832b8f0df
*** Element info: {Using=id, value=zqdm}
	at sun.reflect.NativeConstructorAccessorImpl.newInstance0(Native Method)
	at sun.reflect.NativeConstructorAccessorImpl.newInstance(NativeConstructorAccessorImpl.java:62)
	at sun.reflect.DelegatingConstructorAccessorImpl.newInstance(DelegatingConstructorAccessorImpl.java:45)
	at java.lang.reflect.Constructor.newInstance(Constructor.java:422)
	at org.openqa.selenium.remote.ErrorHandler.createThrowable(ErrorHandler.java:206)
	at org.openqa.selenium.remote.ErrorHandler.throwIfResponseFailed(ErrorHandler.java:158)
	at org.openqa.selenium.remote.RemoteWebDriver.execute(RemoteWebDriver.java:678)
	at io.appium.java_client.DefaultGenericMobileDriver.execute(DefaultGenericMobileDriver.java:40)
	at io.appium.java_client.AppiumDriver.execute(AppiumDriver.java:1)
	at io.appium.java_client.ios.IOSDriver.execute(IOSDriver.java:1)
	at org.openqa.selenium.remote.RemoteWebDriver.findElement(RemoteWebDriver.java:363)
	at io.appium.java_client.DefaultGenericMobileDriver.findElement(DefaultGenericMobileDriver.java:56)
	at io.appium.java_client.AppiumDriver.findElement(AppiumDriver.java:1)
	at io.appium.java_client.ios.IOSDriver.findElement(IOSDriver.java:1)
	at org.openqa.selenium.remote.RemoteWebDriver.findElementById(RemoteWebDriver.java:413)
	at io.appium.java_client.DefaultGenericMobileDriver.findElementById(DefaultGenericMobileDriver.java:64)
	at io.appium.java_client.AppiumDriver.findElementById(AppiumDriver.java:1)
	at io.appium.java_client.ios.IOSDriver.findElementById(IOSDriver.java:1)
	at org.openqa.selenium.By$ById.findElement(By.java:218)
	at org.openqa.selenium.remote.RemoteWebDriver.findElement(RemoteWebDriver.java:355)
	at io.appium.java_client.DefaultGenericMobileDriver.findElement(DefaultGenericMobileDriver.java:52)
	at io.appium.java_client.AppiumDriver.findElement(AppiumDriver.java:1)
	at io.appium.java_client.ios.IOSDriver.findElement(IOSDriver.java:1)
	at up.light.pagefactory.TestElement.e(TestElement.java:33)
	at up.light.wait.WaitUtil$2.apply(WaitUtil.java:48)
	at up.light.wait.WaitUtil$2.apply(WaitUtil.java:1)
	at org.openqa.selenium.support.ui.FluentWait.until(FluentWait.java:238)
	... 29 more
[2016-10-24 11:18:20,425][DEBUG] TestBase:15 - [Recovery] current page: mobile.page.PageFundFixed
[2016-10-24 11:18:20,486][INFO] AbstractPage:67 - [Page reset] refresh: file:///Users/csc108/Library/Developer/CoreSimulator/Devices/29E37F06-893A-4CFC-85B9-D2E55E2171AA/data/Containers/Bundle/Application/A176835C-ED17-439F-A32C-6B7314A554BF/zhongxinjiantou_iphone_1.0.3.201610181946.66097.app/kds519/view/kfsjj/jjdts/jjdts.html
[2016-10-24 11:18:20,991][DEBUG] ExcelReader:123 - data: {类型=正例, 操作方式=基金定投, 代码=110001, 名称=易方达平稳, 收费方式=前端收费, 金额=1000, 扣款周期=每周, 扣款日=星期一, 投资描述=幸福养老, 期满条件=日期区间, 巨额标志=, 验证1=基金风险等级与客户等级不匹配，你是否要继续进行交易？, 验证2=操作类别 基金定投申请
基金代码 110001
基金名称 易方达平稳(前端收费)
基金账号 80316041
扣款周期 每周星期一
期满条件 日期区间
开始日期 {BeginTime}
终止日期 {EndTime}, 验证3=委托提交成功,流水号：, 备注=} line: 2
[2016-10-24 11:18:21,991][DEBUG] WaitUtil:43 - [WaitUtil waitFor] begin - By.id: zqdm, time: 10
[2016-10-24 11:18:21,992][DEBUG] CHForIOS:19 - [Switch context] begin: WEBVIEW_LAST, current context: WEBVIEW_102
[2016-10-24 11:18:27,652][DEBUG] CHForIOS:19 - [Switch context] begin: WEBVIEW_LAST, current context: WEBVIEW_102
[2016-10-24 11:18:32,299][DEBUG] TestElement:35 - [Find element] id: 5012 ,by: By.id: zqdm
[2016-10-24 11:18:32,299][DEBUG] WaitUtil:57 - [WaitUtil waitFor] end
[2016-10-24 11:18:32,299][DEBUG] WaitUtil:43 - [WaitUtil waitFor] begin - By.id: zqdm, time: 10
[2016-10-24 11:18:32,300][DEBUG] CHForIOS:19 - [Switch context] begin: WEBVIEW_LAST, current context: WEBVIEW_102
[2016-10-24 11:18:32,318][DEBUG] CHForIOS:46 - [Switch context] switched to: WEBVIEW_107
[2016-10-24 11:18:32,319][DEBUG] CHForIOS:49 - [Switch context] url: WEBVIEW_107
[2016-10-24 11:18:32,334][DEBUG] TestElement:35 - [Find element] id: 5013 ,by: By.id: zqdm
[2016-10-24 11:18:32,334][DEBUG] WaitUtil:57 - [WaitUtil waitFor] end
[2016-10-24 11:18:32,334][DEBUG] CHForIOS:19 - [Switch context] begin: WEBVIEW_LAST, current context: WEBVIEW_107
[2016-10-24 11:18:32,357][DEBUG] TestElement:35 - [Find element] id: 5014 ,by: By.id: zqdm
[2016-10-24 11:18:32,357][DEBUG] Keyboard:25 - [Keyboard Input] 110001
[2016-10-24 11:18:33,627][DEBUG] CHForIOS:19 - [Switch context] begin: NATIVE_APP, current context: WEBVIEW_107
[2016-10-24 11:18:33,632][DEBUG] CHForIOS:46 - [Switch context] switched to: NATIVE_APP
[2016-10-24 11:18:33,811][DEBUG] TestElement:35 - [Find element] id: 3 ,by: By.AccessibilityId: 1
[2016-10-24 11:18:34,042][DEBUG] Keyboard:79 - [Initialize Keyboard] {0=(186, 636), 1=(62, 474), 2=(186, 474), 3=(310, 474), 4=(62, 528), 5=(186, 528), 6=(310, 528), 7=(62, 582), 8=(186, 582), 9=(310, 582)}
[2016-10-24 11:18:34,485][DEBUG] Keyboard:87 - [Keyboard Input] tap point: 62, 474
[2016-10-24 11:18:34,927][DEBUG] Keyboard:87 - [Keyboard Input] tap point: 62, 474
[2016-10-24 11:18:35,363][DEBUG] Keyboard:87 - [Keyboard Input] tap point: 186, 636
[2016-10-24 11:18:35,803][DEBUG] Keyboard:87 - [Keyboard Input] tap point: 186, 636
[2016-10-24 11:18:36,244][DEBUG] Keyboard:87 - [Keyboard Input] tap point: 186, 636
[2016-10-24 11:18:36,681][DEBUG] Keyboard:87 - [Keyboard Input] tap point: 62, 474
[2016-10-24 11:18:36,681][DEBUG] WaitUtil:23 - [WaitUtil exists] begin - By.AccessibilityId: 1, time: 1
[2016-10-24 11:18:36,681][DEBUG] CHForIOS:19 - [Switch context] begin: NATIVE_APP, current context: NATIVE_APP
[2016-10-24 11:18:36,820][DEBUG] TestElement:35 - [Find element] id: 4 ,by: By.AccessibilityId: 1
[2016-10-24 11:18:36,820][DEBUG] WaitUtil:37 - [WaitUtil exists] end - result: true
[2016-10-24 11:18:36,820][DEBUG] CHForIOS:19 - [Switch context] begin: NATIVE_APP, current context: NATIVE_APP
[2016-10-24 11:18:37,232][DEBUG] TestElement:35 - [Find element] id: 5 ,by: By.xpath: //UIAButton[@name = 'Q' or @name = '1']/preceding-sibling::UIAButton[1]
[2016-10-24 11:18:37,522][DEBUG] CHForIOS:19 - [Switch context] begin: WEBVIEW_LAST, current context: NATIVE_APP
[2016-10-24 11:18:37,538][DEBUG] CHForIOS:46 - [Switch context] switched to: WEBVIEW_107
[2016-10-24 11:18:37,539][DEBUG] CHForIOS:49 - [Switch context] url: WEBVIEW_107
[2016-10-24 11:18:37,574][DEBUG] TestElement:35 - [Find element] id: 5015 ,by: By.xpath: //label[text()='基金名称']/../following-sibling::div[1]/label
[2016-10-24 11:18:38,631][DEBUG] CHForIOS:19 - [Switch context] begin: WEBVIEW_LAST, current context: WEBVIEW_107
[2016-10-24 11:18:38,652][DEBUG] TestElement:35 - [Find element] id: 5016 ,by: By.id: price
[2016-10-24 11:18:39,671][DEBUG] CHForIOS:19 - [Switch context] begin: WEBVIEW_LAST, current context: WEBVIEW_107
[2016-10-24 11:18:39,693][DEBUG] TestElement:35 - [Find element] id: 5017 ,by: By.id: price
[2016-10-24 11:18:39,721][DEBUG] CHForIOS:19 - [Switch context] begin: WEBVIEW_LAST, current context: WEBVIEW_107
[2016-10-24 11:18:39,745][DEBUG] TestElement:35 - [Find element] id: 5018 ,by: By.id: price
[2016-10-24 11:18:40,476][DEBUG] TestListenerImpl:212 - Element must be user-editable in order to clear it. (WARNING: The server did not provide any stacktrace information)
Command duration or timeout: 112 milliseconds
Build info: version: '2.53.1', revision: 'a36b8b1cd5757287168e54b817830adce9b0158d', time: '2016-06-30 19:26:09'
System info: host: 'bogon', ip: '10.101.238.65', os.name: 'Mac OS X', os.arch: 'x86_64', os.version: '10.10.5', java.version: '1.8.0_40'
Driver info: io.appium.java_client.ios.IOSDriver
Capabilities [{networkConnectionEnabled=false, desired={}, warnings={}, webStorageEnabled=false, locationContextEnabled=false, browserName=iOS, takesScreenshot=true, javascriptEnabled=true, databaseEnabled=false, platform=MAC}]
Session ID: 9fefab30-fe3a-4969-a248-e95832b8f0df
org.openqa.selenium.InvalidElementStateException: Element must be user-editable in order to clear it. (WARNING: The server did not provide any stacktrace information)
Command duration or timeout: 112 milliseconds
Build info: version: '2.53.1', revision: 'a36b8b1cd5757287168e54b817830adce9b0158d', time: '2016-06-30 19:26:09'
System info: host: 'bogon', ip: '10.101.238.65', os.name: 'Mac OS X', os.arch: 'x86_64', os.version: '10.10.5', java.version: '1.8.0_40'
Driver info: io.appium.java_client.ios.IOSDriver
Capabilities [{networkConnectionEnabled=false, desired={}, warnings={}, webStorageEnabled=false, locationContextEnabled=false, browserName=iOS, takesScreenshot=true, javascriptEnabled=true, databaseEnabled=false, platform=MAC}]
Session ID: 9fefab30-fe3a-4969-a248-e95832b8f0df
	at sun.reflect.NativeConstructorAccessorImpl.newInstance0(Native Method)
	at sun.reflect.NativeConstructorAccessorImpl.newInstance(NativeConstructorAccessorImpl.java:62)
	at sun.reflect.DelegatingConstructorAccessorImpl.newInstance(DelegatingConstructorAccessorImpl.java:45)
	at java.lang.reflect.Constructor.newInstance(Constructor.java:422)
	at org.openqa.selenium.remote.ErrorHandler.createThrowable(ErrorHandler.java:206)
	at org.openqa.selenium.remote.ErrorHandler.throwIfResponseFailed(ErrorHandler.java:158)
	at org.openqa.selenium.remote.RemoteWebDriver.execute(RemoteWebDriver.java:678)
	at io.appium.java_client.DefaultGenericMobileDriver.execute(DefaultGenericMobileDriver.java:40)
	at io.appium.java_client.AppiumDriver.execute(AppiumDriver.java:1)
	at io.appium.java_client.ios.IOSDriver.execute(IOSDriver.java:1)
	at org.openqa.selenium.remote.RemoteWebElement.execute(RemoteWebElement.java:327)
	at io.appium.java_client.DefaultGenericMobileElement.execute(DefaultGenericMobileElement.java:33)
	at io.appium.java_client.MobileElement.execute(MobileElement.java:1)
	at io.appium.java_client.ios.IOSElement.execute(IOSElement.java:1)
	at org.openqa.selenium.remote.RemoteWebElement.clear(RemoteWebElement.java:140)
	at mobile.page.PageFundFixed.doInputNumber(PageFundFixed.java:137)
	at mobile.test.stage02.TestC04FundDT.testDT(TestC04FundDT.java:41)
	at sun.reflect.NativeMethodAccessorImpl.invoke0(Native Method)
	at sun.reflect.NativeMethodAccessorImpl.invoke(NativeMethodAccessorImpl.java:62)
	at sun.reflect.DelegatingMethodAccessorImpl.invoke(DelegatingMethodAccessorImpl.java:43)
	at java.lang.reflect.Method.invoke(Method.java:497)
	at org.testng.internal.MethodInvocationHelper.invokeMethod(MethodInvocationHelper.java:86)
	at org.testng.internal.MethodInvocationHelper$1.runTestMethod(MethodInvocationHelper.java:197)
	at mobile.controller.Controller.run(Controller.java:28)
	at org.testng.internal.MethodInvocationHelper.invokeHookable(MethodInvocationHelper.java:209)
	at org.testng.internal.Invoker.invokeMethod(Invoker.java:639)
	at org.testng.internal.Invoker.invokeTestMethod(Invoker.java:820)
	at org.testng.internal.Invoker.invokeTestMethods(Invoker.java:1128)
	at org.testng.internal.TestMethodWorker.invokeTestMethods(TestMethodWorker.java:129)
	at org.testng.internal.TestMethodWorker.run(TestMethodWorker.java:112)
	at org.testng.TestRunner.privateRun(TestRunner.java:782)
	at org.testng.TestRunner.run(TestRunner.java:632)
	at org.testng.SuiteRunner.runTest(SuiteRunner.java:366)
	at org.testng.SuiteRunner.runSequentially(SuiteRunner.java:361)
	at org.testng.SuiteRunner.privateRun(SuiteRunner.java:319)
	at org.testng.SuiteRunner.run(SuiteRunner.java:268)
	at org.testng.SuiteRunnerWorker.runSuite(SuiteRunnerWorker.java:52)
	at org.testng.SuiteRunnerWorker.run(SuiteRunnerWorker.java:86)
	at org.testng.TestNG.runSuitesSequentially(TestNG.java:1244)
	at org.testng.TestNG.runSuitesLocally(TestNG.java:1169)
	at org.testng.TestNG.run(TestNG.java:1064)
	at up.light.Runner.run(Runner.java:27)
	at mobile.App.main(App.java:15)
[2016-10-24 11:18:40,477][DEBUG] TestBase:15 - [Recovery] current page: mobile.page.PageFundFixed
[2016-10-24 11:18:40,509][INFO] AbstractPage:67 - [Page reset] refresh: file:///Users/csc108/Library/Developer/CoreSimulator/Devices/29E37F06-893A-4CFC-85B9-D2E55E2171AA/data/Containers/Bundle/Application/A176835C-ED17-439F-A32C-6B7314A554BF/zhongxinjiantou_iphone_1.0.3.201610181946.66097.app/kds519/view/kfsjj/jjdts/dtssq.html
[2016-10-24 11:18:41,012][DEBUG] ExcelReader:123 - data: {类型=正例, 操作方式=基金定投, 代码=519001, 名称=银华核心价值优选, 收费方式=前端收费, 金额=1000, 扣款周期=每月, 扣款日=26, 投资描述=幸福养老, 期满条件=日期区间, 巨额标志=, 验证1=基金风险等级与客户等级不匹配，你是否要继续进行交易？, 验证2=操作类别 基金定投申请
基金代码 519001
基金名称 银华核心价值优选(前端收费)
基金账号 80316041
扣款周期 每月26号
期满条件 日期区间
开始日期 {BeginTime}
终止日期 {EndTime}, 验证3=委托提交成功,流水号：, 备注=} line: 3
[2016-10-24 11:18:42,017][DEBUG] WaitUtil:43 - [WaitUtil waitFor] begin - By.id: zqdm, time: 10
[2016-10-24 11:18:42,017][DEBUG] CHForIOS:19 - [Switch context] begin: WEBVIEW_LAST, current context: WEBVIEW_107
[2016-10-24 11:18:42,038][DEBUG] TestElement:35 - [Find element] id: 5019 ,by: By.id: zqdm
[2016-10-24 11:18:42,038][DEBUG] WaitUtil:57 - [WaitUtil waitFor] end
[2016-10-24 11:18:42,038][DEBUG] WaitUtil:43 - [WaitUtil waitFor] begin - By.id: zqdm, time: 10
[2016-10-24 11:18:42,038][DEBUG] CHForIOS:19 - [Switch context] begin: WEBVIEW_LAST, current context: WEBVIEW_107
[2016-10-24 11:18:42,059][DEBUG] TestElement:35 - [Find element] id: 5020 ,by: By.id: zqdm
[2016-10-24 11:18:42,059][DEBUG] WaitUtil:57 - [WaitUtil waitFor] end
[2016-10-24 11:18:42,059][DEBUG] CHForIOS:19 - [Switch context] begin: WEBVIEW_LAST, current context: WEBVIEW_107
[2016-10-24 11:18:42,086][DEBUG] TestElement:35 - [Find element] id: 5021 ,by: By.id: zqdm
[2016-10-24 11:18:42,086][DEBUG] Keyboard:25 - [Keyboard Input] 519001
[2016-10-24 11:18:43,653][DEBUG] Keyboard:87 - [Keyboard Input] tap point: 186, 528
[2016-10-24 11:18:44,087][DEBUG] Keyboard:87 - [Keyboard Input] tap point: 62, 474
[2016-10-24 11:18:44,524][DEBUG] Keyboard:87 - [Keyboard Input] tap point: 310, 582
[2016-10-24 11:18:44,973][DEBUG] Keyboard:87 - [Keyboard Input] tap point: 186, 636
[2016-10-24 11:18:45,411][DEBUG] Keyboard:87 - [Keyboard Input] tap point: 186, 636
[2016-10-24 11:18:45,856][DEBUG] Keyboard:87 - [Keyboard Input] tap point: 62, 474
[2016-10-24 11:18:45,856][DEBUG] WaitUtil:23 - [WaitUtil exists] begin - By.AccessibilityId: 1, time: 1
[2016-10-24 11:18:45,856][DEBUG] CHForIOS:19 - [Switch context] begin: NATIVE_APP, current context: WEBVIEW_107
[2016-10-24 11:18:45,861][DEBUG] CHForIOS:46 - [Switch context] switched to: NATIVE_APP
[2016-10-24 11:18:45,991][DEBUG] TestElement:35 - [Find element] id: 6 ,by: By.AccessibilityId: 1
[2016-10-24 11:18:45,991][DEBUG] WaitUtil:37 - [WaitUtil exists] end - result: true
[2016-10-24 11:18:45,991][DEBUG] CHForIOS:19 - [Switch context] begin: NATIVE_APP, current context: NATIVE_APP
[2016-10-24 11:18:46,389][DEBUG] TestElement:35 - [Find element] id: 7 ,by: By.xpath: //UIAButton[@name = 'Q' or @name = '1']/preceding-sibling::UIAButton[1]
[2016-10-24 11:18:46,675][DEBUG] CHForIOS:19 - [Switch context] begin: WEBVIEW_LAST, current context: NATIVE_APP
[2016-10-24 11:18:46,692][DEBUG] CHForIOS:46 - [Switch context] switched to: WEBVIEW_107
[2016-10-24 11:18:46,692][DEBUG] CHForIOS:49 - [Switch context] url: WEBVIEW_107
[2016-10-24 11:18:46,711][DEBUG] TestElement:35 - [Find element] id: 5022 ,by: By.xpath: //label[text()='基金名称']/../following-sibling::div[1]/label
[2016-10-24 11:18:47,728][DEBUG] CHForIOS:19 - [Switch context] begin: WEBVIEW_LAST, current context: WEBVIEW_107
[2016-10-24 11:18:47,751][DEBUG] TestElement:35 - [Find element] id: 5023 ,by: By.id: price
[2016-10-24 11:18:48,770][DEBUG] CHForIOS:19 - [Switch context] begin: WEBVIEW_LAST, current context: WEBVIEW_107
[2016-10-24 11:18:48,790][DEBUG] TestElement:35 - [Find element] id: 5024 ,by: By.id: price
[2016-10-24 11:18:48,818][DEBUG] CHForIOS:19 - [Switch context] begin: WEBVIEW_LAST, current context: WEBVIEW_107
[2016-10-24 11:18:48,845][DEBUG] TestElement:35 - [Find element] id: 5025 ,by: By.id: price
[2016-10-24 11:18:49,461][DEBUG] TestListenerImpl:212 - Element must be user-editable in order to clear it. (WARNING: The server did not provide any stacktrace information)
Command duration or timeout: 18 milliseconds
Build info: version: '2.53.1', revision: 'a36b8b1cd5757287168e54b817830adce9b0158d', time: '2016-06-30 19:26:09'
System info: host: 'bogon', ip: '10.101.238.65', os.name: 'Mac OS X', os.arch: 'x86_64', os.version: '10.10.5', java.version: '1.8.0_40'
Driver info: io.appium.java_client.ios.IOSDriver
Capabilities [{networkConnectionEnabled=false, desired={}, warnings={}, webStorageEnabled=false, locationContextEnabled=false, browserName=iOS, takesScreenshot=true, javascriptEnabled=true, databaseEnabled=false, platform=MAC}]
Session ID: 9fefab30-fe3a-4969-a248-e95832b8f0df
org.openqa.selenium.InvalidElementStateException: Element must be user-editable in order to clear it. (WARNING: The server did not provide any stacktrace information)
Command duration or timeout: 18 milliseconds
Build info: version: '2.53.1', revision: 'a36b8b1cd5757287168e54b817830adce9b0158d', time: '2016-06-30 19:26:09'
System info: host: 'bogon', ip: '10.101.238.65', os.name: 'Mac OS X', os.arch: 'x86_64', os.version: '10.10.5', java.version: '1.8.0_40'
Driver info: io.appium.java_client.ios.IOSDriver
Capabilities [{networkConnectionEnabled=false, desired={}, warnings={}, webStorageEnabled=false, locationContextEnabled=false, browserName=iOS, takesScreenshot=true, javascriptEnabled=true, databaseEnabled=false, platform=MAC}]
Session ID: 9fefab30-fe3a-4969-a248-e95832b8f0df
	at sun.reflect.NativeConstructorAccessorImpl.newInstance0(Native Method)
	at sun.reflect.NativeConstructorAccessorImpl.newInstance(NativeConstructorAccessorImpl.java:62)
	at sun.reflect.DelegatingConstructorAccessorImpl.newInstance(DelegatingConstructorAccessorImpl.java:45)
	at java.lang.reflect.Constructor.newInstance(Constructor.java:422)
	at org.openqa.selenium.remote.ErrorHandler.createThrowable(ErrorHandler.java:206)
	at org.openqa.selenium.remote.ErrorHandler.throwIfResponseFailed(ErrorHandler.java:158)
	at org.openqa.selenium.remote.RemoteWebDriver.execute(RemoteWebDriver.java:678)
	at io.appium.java_client.DefaultGenericMobileDriver.execute(DefaultGenericMobileDriver.java:40)
	at io.appium.java_client.AppiumDriver.execute(AppiumDriver.java:1)
	at io.appium.java_client.ios.IOSDriver.execute(IOSDriver.java:1)
	at org.openqa.selenium.remote.RemoteWebElement.execute(RemoteWebElement.java:327)
	at io.appium.java_client.DefaultGenericMobileElement.execute(DefaultGenericMobileElement.java:33)
	at io.appium.java_client.MobileElement.execute(MobileElement.java:1)
	at io.appium.java_client.ios.IOSElement.execute(IOSElement.java:1)
	at org.openqa.selenium.remote.RemoteWebElement.clear(RemoteWebElement.java:140)
	at mobile.page.PageFundFixed.doInputNumber(PageFundFixed.java:137)
	at mobile.test.stage02.TestC04FundDT.testDT(TestC04FundDT.java:41)
	at sun.reflect.NativeMethodAccessorImpl.invoke0(Native Method)
	at sun.reflect.NativeMethodAccessorImpl.invoke(NativeMethodAccessorImpl.java:62)
	at sun.reflect.DelegatingMethodAccessorImpl.invoke(DelegatingMethodAccessorImpl.java:43)
	at java.lang.reflect.Method.invoke(Method.java:497)
	at org.testng.internal.MethodInvocationHelper.invokeMethod(MethodInvocationHelper.java:86)
	at org.testng.internal.MethodInvocationHelper$1.runTestMethod(MethodInvocationHelper.java:197)
	at mobile.controller.Controller.run(Controller.java:28)
	at org.testng.internal.MethodInvocationHelper.invokeHookable(MethodInvocationHelper.java:209)
	at org.testng.internal.Invoker.invokeMethod(Invoker.java:639)
	at org.testng.internal.Invoker.invokeTestMethod(Invoker.java:820)
	at org.testng.internal.Invoker.invokeTestMethods(Invoker.java:1128)
	at org.testng.internal.TestMethodWorker.invokeTestMethods(TestMethodWorker.java:129)
	at org.testng.internal.TestMethodWorker.run(TestMethodWorker.java:112)
	at org.testng.TestRunner.privateRun(TestRunner.java:782)
	at org.testng.TestRunner.run(TestRunner.java:632)
	at org.testng.SuiteRunner.runTest(SuiteRunner.java:366)
	at org.testng.SuiteRunner.runSequentially(SuiteRunner.java:361)
	at org.testng.SuiteRunner.privateRun(SuiteRunner.java:319)
	at org.testng.SuiteRunner.run(SuiteRunner.java:268)
	at org.testng.SuiteRunnerWorker.runSuite(SuiteRunnerWorker.java:52)
	at org.testng.SuiteRunnerWorker.run(SuiteRunnerWorker.java:86)
	at org.testng.TestNG.runSuitesSequentially(TestNG.java:1244)
	at org.testng.TestNG.runSuitesLocally(TestNG.java:1169)
	at org.testng.TestNG.run(TestNG.java:1064)
	at up.light.Runner.run(Runner.java:27)
	at mobile.App.main(App.java:15)
[2016-10-24 11:18:49,462][DEBUG] TestBase:15 - [Recovery] current page: mobile.page.PageFundFixed
[2016-10-24 11:18:49,493][INFO] AbstractPage:67 - [Page reset] refresh: file:///Users/csc108/Library/Developer/CoreSimulator/Devices/29E37F06-893A-4CFC-85B9-D2E55E2171AA/data/Containers/Bundle/Application/A176835C-ED17-439F-A32C-6B7314A554BF/zhongxinjiantou_iphone_1.0.3.201610181946.66097.app/kds519/view/kfsjj/jjdts/dtssq.html
[2016-10-24 11:18:50,020][DEBUG] ExcelReader:56 - workbook: org.apache.poi.hssf.usermodel.HSSFWorkbook@2dcd168a
[2016-10-24 11:18:50,020][DEBUG] ExcelReader:90 - change to sheet: C05基金定赎
[2016-10-24 11:18:50,020][DEBUG] ExcelReader:123 - data: {类型=正例, 操作方式=基金定赎, 代码=110009, 名称=易基价值精选, 收费方式=前端收费, 金额=1000, 扣款周期=每周, 扣款日=星期一, 巨额标志=顺延, 验证1=, 验证2=操作类别 基金定赎申请
基金代码 110009
基金名称 易基价值精选(前端收费)
基金账号 80316041
赎回周期 每周星期一
周期赎回份额 1000
开始日期 {BeginTime}
终止日期 {EndTime}
巨额标志 顺延, 验证3=委托提交成功,流水号：, 备注=} line: 2
[2016-10-24 11:18:51,022][DEBUG] WaitUtil:43 - [WaitUtil waitFor] begin - By.id: zqdm, time: 10
[2016-10-24 11:18:51,022][DEBUG] CHForIOS:19 - [Switch context] begin: WEBVIEW_LAST, current context: WEBVIEW_107
[2016-10-24 11:18:51,046][DEBUG] TestElement:35 - [Find element] id: 5026 ,by: By.id: zqdm
[2016-10-24 11:18:51,046][DEBUG] WaitUtil:57 - [WaitUtil waitFor] end
[2016-10-24 11:18:51,046][DEBUG] WaitUtil:43 - [WaitUtil waitFor] begin - By.id: zqdm, time: 10
[2016-10-24 11:18:51,046][DEBUG] CHForIOS:19 - [Switch context] begin: WEBVIEW_LAST, current context: WEBVIEW_107
[2016-10-24 11:18:51,071][DEBUG] TestElement:35 - [Find element] id: 5027 ,by: By.id: zqdm
[2016-10-24 11:18:51,072][DEBUG] WaitUtil:57 - [WaitUtil waitFor] end
[2016-10-24 11:18:51,072][DEBUG] CHForIOS:19 - [Switch context] begin: WEBVIEW_LAST, current context: WEBVIEW_107
[2016-10-24 11:18:51,094][DEBUG] TestElement:35 - [Find element] id: 5028 ,by: By.id: zqdm
[2016-10-24 11:18:51,094][DEBUG] Keyboard:25 - [Keyboard Input] 110009
[2016-10-24 11:18:52,786][DEBUG] Keyboard:87 - [Keyboard Input] tap point: 62, 474
[2016-10-24 11:18:53,484][DEBUG] Keyboard:87 - [Keyboard Input] tap point: 62, 474
[2016-10-24 11:18:54,347][DEBUG] Keyboard:87 - [Keyboard Input] tap point: 186, 636
[2016-10-24 11:18:54,807][DEBUG] Keyboard:87 - [Keyboard Input] tap point: 186, 636
[2016-10-24 11:18:55,867][DEBUG] Keyboard:87 - [Keyboard Input] tap point: 186, 636
[2016-10-24 11:18:56,722][DEBUG] Keyboard:87 - [Keyboard Input] tap point: 310, 582
[2016-10-24 11:18:56,722][DEBUG] WaitUtil:23 - [WaitUtil exists] begin - By.AccessibilityId: 1, time: 1
[2016-10-24 11:18:56,723][DEBUG] CHForIOS:19 - [Switch context] begin: NATIVE_APP, current context: WEBVIEW_107
[2016-10-24 11:18:56,727][DEBUG] CHForIOS:46 - [Switch context] switched to: NATIVE_APP
[2016-10-24 11:18:56,894][DEBUG] TestElement:35 - [Find element] id: 8 ,by: By.AccessibilityId: 1
[2016-10-24 11:18:56,894][DEBUG] WaitUtil:37 - [WaitUtil exists] end - result: true
[2016-10-24 11:18:56,894][DEBUG] CHForIOS:19 - [Switch context] begin: NATIVE_APP, current context: NATIVE_APP
[2016-10-24 11:18:57,534][DEBUG] TestElement:35 - [Find element] id: 9 ,by: By.xpath: //UIAButton[@name = 'Q' or @name = '1']/preceding-sibling::UIAButton[1]
[2016-10-24 11:18:58,268][DEBUG] CHForIOS:19 - [Switch context] begin: WEBVIEW_LAST, current context: NATIVE_APP
[2016-10-24 11:18:58,286][DEBUG] CHForIOS:46 - [Switch context] switched to: WEBVIEW_107
[2016-10-24 11:18:58,287][DEBUG] CHForIOS:49 - [Switch context] url: WEBVIEW_107
[2016-10-24 11:18:58,302][DEBUG] TestElement:35 - [Find element] id: 5029 ,by: By.xpath: //label[text()='基金名称']/../following-sibling::div[1]/label
[2016-10-24 11:18:59,323][DEBUG] CHForIOS:19 - [Switch context] begin: WEBVIEW_LAST, current context: WEBVIEW_107
[2016-10-24 11:18:59,343][DEBUG] TestElement:35 - [Find element] id: 5030 ,by: By.id: price
[2016-10-24 11:19:00,363][DEBUG] CHForIOS:19 - [Switch context] begin: WEBVIEW_LAST, current context: WEBVIEW_107
[2016-10-24 11:19:00,382][DEBUG] TestElement:35 - [Find element] id: 5031 ,by: By.id: price
[2016-10-24 11:19:00,411][DEBUG] CHForIOS:19 - [Switch context] begin: WEBVIEW_LAST, current context: WEBVIEW_107
[2016-10-24 11:19:00,438][DEBUG] TestElement:35 - [Find element] id: 5032 ,by: By.id: price
[2016-10-24 11:19:01,064][DEBUG] TestListenerImpl:212 - Element must be user-editable in order to clear it. (WARNING: The server did not provide any stacktrace information)
Command duration or timeout: 19 milliseconds
Build info: version: '2.53.1', revision: 'a36b8b1cd5757287168e54b817830adce9b0158d', time: '2016-06-30 19:26:09'
System info: host: 'bogon', ip: '10.101.238.65', os.name: 'Mac OS X', os.arch: 'x86_64', os.version: '10.10.5', java.version: '1.8.0_40'
Driver info: io.appium.java_client.ios.IOSDriver
Capabilities [{networkConnectionEnabled=false, desired={}, warnings={}, webStorageEnabled=false, locationContextEnabled=false, browserName=iOS, takesScreenshot=true, javascriptEnabled=true, databaseEnabled=false, platform=MAC}]
Session ID: 9fefab30-fe3a-4969-a248-e95832b8f0df
org.openqa.selenium.InvalidElementStateException: Element must be user-editable in order to clear it. (WARNING: The server did not provide any stacktrace information)
Command duration or timeout: 19 milliseconds
Build info: version: '2.53.1', revision: 'a36b8b1cd5757287168e54b817830adce9b0158d', time: '2016-06-30 19:26:09'
System info: host: 'bogon', ip: '10.101.238.65', os.name: 'Mac OS X', os.arch: 'x86_64', os.version: '10.10.5', java.version: '1.8.0_40'
Driver info: io.appium.java_client.ios.IOSDriver
Capabilities [{networkConnectionEnabled=false, desired={}, warnings={}, webStorageEnabled=false, locationContextEnabled=false, browserName=iOS, takesScreenshot=true, javascriptEnabled=true, databaseEnabled=false, platform=MAC}]
Session ID: 9fefab30-fe3a-4969-a248-e95832b8f0df
	at sun.reflect.NativeConstructorAccessorImpl.newInstance0(Native Method)
	at sun.reflect.NativeConstructorAccessorImpl.newInstance(NativeConstructorAccessorImpl.java:62)
	at sun.reflect.DelegatingConstructorAccessorImpl.newInstance(DelegatingConstructorAccessorImpl.java:45)
	at java.lang.reflect.Constructor.newInstance(Constructor.java:422)
	at org.openqa.selenium.remote.ErrorHandler.createThrowable(ErrorHandler.java:206)
	at org.openqa.selenium.remote.ErrorHandler.throwIfResponseFailed(ErrorHandler.java:158)
	at org.openqa.selenium.remote.RemoteWebDriver.execute(RemoteWebDriver.java:678)
	at io.appium.java_client.DefaultGenericMobileDriver.execute(DefaultGenericMobileDriver.java:40)
	at io.appium.java_client.AppiumDriver.execute(AppiumDriver.java:1)
	at io.appium.java_client.ios.IOSDriver.execute(IOSDriver.java:1)
	at org.openqa.selenium.remote.RemoteWebElement.execute(RemoteWebElement.java:327)
	at io.appium.java_client.DefaultGenericMobileElement.execute(DefaultGenericMobileElement.java:33)
	at io.appium.java_client.MobileElement.execute(MobileElement.java:1)
	at io.appium.java_client.ios.IOSElement.execute(IOSElement.java:1)
	at org.openqa.selenium.remote.RemoteWebElement.clear(RemoteWebElement.java:140)
	at mobile.page.PageFundFixed.doInputNumber(PageFundFixed.java:137)
	at mobile.test.stage02.TestC05FundDS.testDT(TestC05FundDS.java:40)
	at sun.reflect.NativeMethodAccessorImpl.invoke0(Native Method)
	at sun.reflect.NativeMethodAccessorImpl.invoke(NativeMethodAccessorImpl.java:62)
	at sun.reflect.DelegatingMethodAccessorImpl.invoke(DelegatingMethodAccessorImpl.java:43)
	at java.lang.reflect.Method.invoke(Method.java:497)
	at org.testng.internal.MethodInvocationHelper.invokeMethod(MethodInvocationHelper.java:86)
	at org.testng.internal.MethodInvocationHelper$1.runTestMethod(MethodInvocationHelper.java:197)
	at mobile.controller.Controller.run(Controller.java:28)
	at org.testng.internal.MethodInvocationHelper.invokeHookable(MethodInvocationHelper.java:209)
	at org.testng.internal.Invoker.invokeMethod(Invoker.java:639)
	at org.testng.internal.Invoker.invokeTestMethod(Invoker.java:820)
	at org.testng.internal.Invoker.invokeTestMethods(Invoker.java:1128)
	at org.testng.internal.TestMethodWorker.invokeTestMethods(TestMethodWorker.java:129)
	at org.testng.internal.TestMethodWorker.run(TestMethodWorker.java:112)
	at org.testng.TestRunner.privateRun(TestRunner.java:782)
	at org.testng.TestRunner.run(TestRunner.java:632)
	at org.testng.SuiteRunner.runTest(SuiteRunner.java:366)
	at org.testng.SuiteRunner.runSequentially(SuiteRunner.java:361)
	at org.testng.SuiteRunner.privateRun(SuiteRunner.java:319)
	at org.testng.SuiteRunner.run(SuiteRunner.java:268)
	at org.testng.SuiteRunnerWorker.runSuite(SuiteRunnerWorker.java:52)
	at org.testng.SuiteRunnerWorker.run(SuiteRunnerWorker.java:86)
	at org.testng.TestNG.runSuitesSequentially(TestNG.java:1244)
	at org.testng.TestNG.runSuitesLocally(TestNG.java:1169)
	at org.testng.TestNG.run(TestNG.java:1064)
	at up.light.Runner.run(Runner.java:27)
	at mobile.App.main(App.java:15)
[2016-10-24 11:19:01,064][DEBUG] TestBase:15 - [Recovery] current page: mobile.page.PageFundFixed
[2016-10-24 11:19:01,101][INFO] AbstractPage:67 - [Page reset] refresh: file:///Users/csc108/Library/Developer/CoreSimulator/Devices/29E37F06-893A-4CFC-85B9-D2E55E2171AA/data/Containers/Bundle/Application/A176835C-ED17-439F-A32C-6B7314A554BF/zhongxinjiantou_iphone_1.0.3.201610181946.66097.app/kds519/view/kfsjj/jjdts/dtssq.html
[2016-10-24 11:19:01,606][DEBUG] ExcelReader:123 - data: {类型=正例, 操作方式=基金定赎, 代码=519003, 名称=海富通收益增长证, 收费方式=前端收费, 金额=1000, 扣款周期=每月, 扣款日=26, 巨额标志=取消, 验证1=, 验证2=操作类别 基金定赎申请
基金代码 519003
基金名称 海富通收益增长证(前端收费)
基金账号 80316041
赎回周期 每月26号
周期赎回份额 1000
开始日期 {BeginTime}
终止日期 {EndTime}
巨额标志 取消, 验证3=委托提交成功,流水号：, 备注=} line: 3
[2016-10-24 11:19:02,608][DEBUG] WaitUtil:43 - [WaitUtil waitFor] begin - By.id: zqdm, time: 10
[2016-10-24 11:19:02,609][DEBUG] CHForIOS:19 - [Switch context] begin: WEBVIEW_LAST, current context: WEBVIEW_107
[2016-10-24 11:19:02,629][DEBUG] TestElement:35 - [Find element] id: 5033 ,by: By.id: zqdm
[2016-10-24 11:19:02,630][DEBUG] WaitUtil:57 - [WaitUtil waitFor] end
[2016-10-24 11:19:02,630][DEBUG] WaitUtil:43 - [WaitUtil waitFor] begin - By.id: zqdm, time: 10
[2016-10-24 11:19:02,630][DEBUG] CHForIOS:19 - [Switch context] begin: WEBVIEW_LAST, current context: WEBVIEW_107
[2016-10-24 11:19:02,651][DEBUG] TestElement:35 - [Find element] id: 5034 ,by: By.id: zqdm
[2016-10-24 11:19:02,651][DEBUG] WaitUtil:57 - [WaitUtil waitFor] end
[2016-10-24 11:19:02,652][DEBUG] CHForIOS:19 - [Switch context] begin: WEBVIEW_LAST, current context: WEBVIEW_107
[2016-10-24 11:19:02,673][DEBUG] TestElement:35 - [Find element] id: 5035 ,by: By.id: zqdm
[2016-10-24 11:19:02,673][DEBUG] Keyboard:25 - [Keyboard Input] 519003
[2016-10-24 11:19:04,217][DEBUG] Keyboard:87 - [Keyboard Input] tap point: 186, 528
[2016-10-24 11:19:04,771][DEBUG] Keyboard:87 - [Keyboard Input] tap point: 62, 474
[2016-10-24 11:19:05,218][DEBUG] Keyboard:87 - [Keyboard Input] tap point: 310, 582
[2016-10-24 11:19:05,651][DEBUG] Keyboard:87 - [Keyboard Input] tap point: 186, 636
[2016-10-24 11:19:06,093][DEBUG] Keyboard:87 - [Keyboard Input] tap point: 186, 636
[2016-10-24 11:19:06,547][DEBUG] Keyboard:87 - [Keyboard Input] tap point: 310, 474
[2016-10-24 11:19:06,547][DEBUG] WaitUtil:23 - [WaitUtil exists] begin - By.AccessibilityId: 1, time: 1
[2016-10-24 11:19:06,547][DEBUG] CHForIOS:19 - [Switch context] begin: NATIVE_APP, current context: WEBVIEW_107
[2016-10-24 11:19:06,551][DEBUG] CHForIOS:46 - [Switch context] switched to: NATIVE_APP
[2016-10-24 11:19:06,684][DEBUG] TestElement:35 - [Find element] id: 10 ,by: By.AccessibilityId: 1
[2016-10-24 11:19:06,684][DEBUG] WaitUtil:37 - [WaitUtil exists] end - result: true
[2016-10-24 11:19:06,684][DEBUG] CHForIOS:19 - [Switch context] begin: NATIVE_APP, current context: NATIVE_APP
[2016-10-24 11:19:07,138][DEBUG] TestElement:35 - [Find element] id: 11 ,by: By.xpath: //UIAButton[@name = 'Q' or @name = '1']/preceding-sibling::UIAButton[1]
[2016-10-24 11:19:07,437][DEBUG] CHForIOS:19 - [Switch context] begin: WEBVIEW_LAST, current context: NATIVE_APP
[2016-10-24 11:19:07,454][DEBUG] CHForIOS:46 - [Switch context] switched to: WEBVIEW_107
[2016-10-24 11:19:07,454][DEBUG] CHForIOS:49 - [Switch context] url: WEBVIEW_107
[2016-10-24 11:19:07,468][DEBUG] TestElement:35 - [Find element] id: 5036 ,by: By.xpath: //label[text()='基金名称']/../following-sibling::div[1]/label
[2016-10-24 11:19:08,483][DEBUG] CHForIOS:19 - [Switch context] begin: WEBVIEW_LAST, current context: WEBVIEW_107
[2016-10-24 11:19:08,503][DEBUG] TestElement:35 - [Find element] id: 5037 ,by: By.id: price
[2016-10-24 11:19:09,521][DEBUG] CHForIOS:19 - [Switch context] begin: WEBVIEW_LAST, current context: WEBVIEW_107
[2016-10-24 11:19:09,540][DEBUG] TestElement:35 - [Find element] id: 5038 ,by: By.id: price
[2016-10-24 11:19:09,566][DEBUG] CHForIOS:19 - [Switch context] begin: WEBVIEW_LAST, current context: WEBVIEW_107
[2016-10-24 11:19:09,594][DEBUG] TestElement:35 - [Find element] id: 5039 ,by: By.id: price
[2016-10-24 11:19:10,231][DEBUG] TestListenerImpl:212 - Element must be user-editable in order to clear it. (WARNING: The server did not provide any stacktrace information)
Command duration or timeout: 18 milliseconds
Build info: version: '2.53.1', revision: 'a36b8b1cd5757287168e54b817830adce9b0158d', time: '2016-06-30 19:26:09'
System info: host: 'bogon', ip: '10.101.238.65', os.name: 'Mac OS X', os.arch: 'x86_64', os.version: '10.10.5', java.version: '1.8.0_40'
Driver info: io.appium.java_client.ios.IOSDriver
Capabilities [{networkConnectionEnabled=false, desired={}, warnings={}, webStorageEnabled=false, locationContextEnabled=false, browserName=iOS, takesScreenshot=true, javascriptEnabled=true, databaseEnabled=false, platform=MAC}]
Session ID: 9fefab30-fe3a-4969-a248-e95832b8f0df
org.openqa.selenium.InvalidElementStateException: Element must be user-editable in order to clear it. (WARNING: The server did not provide any stacktrace information)
Command duration or timeout: 18 milliseconds
Build info: version: '2.53.1', revision: 'a36b8b1cd5757287168e54b817830adce9b0158d', time: '2016-06-30 19:26:09'
System info: host: 'bogon', ip: '10.101.238.65', os.name: 'Mac OS X', os.arch: 'x86_64', os.version: '10.10.5', java.version: '1.8.0_40'
Driver info: io.appium.java_client.ios.IOSDriver
Capabilities [{networkConnectionEnabled=false, desired={}, warnings={}, webStorageEnabled=false, locationContextEnabled=false, browserName=iOS, takesScreenshot=true, javascriptEnabled=true, databaseEnabled=false, platform=MAC}]
Session ID: 9fefab30-fe3a-4969-a248-e95832b8f0df
	at sun.reflect.NativeConstructorAccessorImpl.newInstance0(Native Method)
	at sun.reflect.NativeConstructorAccessorImpl.newInstance(NativeConstructorAccessorImpl.java:62)
	at sun.reflect.DelegatingConstructorAccessorImpl.newInstance(DelegatingConstructorAccessorImpl.java:45)
	at java.lang.reflect.Constructor.newInstance(Constructor.java:422)
	at org.openqa.selenium.remote.ErrorHandler.createThrowable(ErrorHandler.java:206)
	at org.openqa.selenium.remote.ErrorHandler.throwIfResponseFailed(ErrorHandler.java:158)
	at org.openqa.selenium.remote.RemoteWebDriver.execute(RemoteWebDriver.java:678)
	at io.appium.java_client.DefaultGenericMobileDriver.execute(DefaultGenericMobileDriver.java:40)
	at io.appium.java_client.AppiumDriver.execute(AppiumDriver.java:1)
	at io.appium.java_client.ios.IOSDriver.execute(IOSDriver.java:1)
	at org.openqa.selenium.remote.RemoteWebElement.execute(RemoteWebElement.java:327)
	at io.appium.java_client.DefaultGenericMobileElement.execute(DefaultGenericMobileElement.java:33)
	at io.appium.java_client.MobileElement.execute(MobileElement.java:1)
	at io.appium.java_client.ios.IOSElement.execute(IOSElement.java:1)
	at org.openqa.selenium.remote.RemoteWebElement.clear(RemoteWebElement.java:140)
	at mobile.page.PageFundFixed.doInputNumber(PageFundFixed.java:137)
	at mobile.test.stage02.TestC05FundDS.testDT(TestC05FundDS.java:40)
	at sun.reflect.NativeMethodAccessorImpl.invoke0(Native Method)
	at sun.reflect.NativeMethodAccessorImpl.invoke(NativeMethodAccessorImpl.java:62)
	at sun.reflect.DelegatingMethodAccessorImpl.invoke(DelegatingMethodAccessorImpl.java:43)
	at java.lang.reflect.Method.invoke(Method.java:497)
	at org.testng.internal.MethodInvocationHelper.invokeMethod(MethodInvocationHelper.java:86)
	at org.testng.internal.MethodInvocationHelper$1.runTestMethod(MethodInvocationHelper.java:197)
	at mobile.controller.Controller.run(Controller.java:28)
	at org.testng.internal.MethodInvocationHelper.invokeHookable(MethodInvocationHelper.java:209)
	at org.testng.internal.Invoker.invokeMethod(Invoker.java:639)
	at org.testng.internal.Invoker.invokeTestMethod(Invoker.java:820)
	at org.testng.internal.Invoker.invokeTestMethods(Invoker.java:1128)
	at org.testng.internal.TestMethodWorker.invokeTestMethods(TestMethodWorker.java:129)
	at org.testng.internal.TestMethodWorker.run(TestMethodWorker.java:112)
	at org.testng.TestRunner.privateRun(TestRunner.java:782)
	at org.testng.TestRunner.run(TestRunner.java:632)
	at org.testng.SuiteRunner.runTest(SuiteRunner.java:366)
	at org.testng.SuiteRunner.runSequentially(SuiteRunner.java:361)
	at org.testng.SuiteRunner.privateRun(SuiteRunner.java:319)
	at org.testng.SuiteRunner.run(SuiteRunner.java:268)
	at org.testng.SuiteRunnerWorker.runSuite(SuiteRunnerWorker.java:52)
	at org.testng.SuiteRunnerWorker.run(SuiteRunnerWorker.java:86)
	at org.testng.TestNG.runSuitesSequentially(TestNG.java:1244)
	at org.testng.TestNG.runSuitesLocally(TestNG.java:1169)
	at org.testng.TestNG.run(TestNG.java:1064)
	at up.light.Runner.run(Runner.java:27)
	at mobile.App.main(App.java:15)
[2016-10-24 11:19:10,231][DEBUG] TestBase:15 - [Recovery] current page: mobile.page.PageFundFixed
[2016-10-24 11:19:10,262][INFO] AbstractPage:67 - [Page reset] refresh: file:///Users/csc108/Library/Developer/CoreSimulator/Devices/29E37F06-893A-4CFC-85B9-D2E55E2171AA/data/Containers/Bundle/Application/A176835C-ED17-439F-A32C-6B7314A554BF/zhongxinjiantou_iphone_1.0.3.201610181946.66097.app/kds519/view/kfsjj/jjdts/dtssq.html
[2016-10-24 11:19:10,881][DEBUG] ExcelReader$ExcelReaderCloser:228 - close workbook: org.apache.poi.hssf.usermodel.HSSFWorkbook@2dcd168a
[2016-10-24 11:19:10,962][DEBUG] ExcelWriter$ExcelWriterCloser:230 - report.xls closed
[2016-10-24 11:19:13,691][DEBUG] DriverFactory:28 - driver quit
